<?xml version="1.0" encoding="UTF-8"?>
<testng-results skipped="0" failed="0" total="1" passed="1">
  <reporter-output>
  </reporter-output>
  <suite name="Default suite" duration-ms="43957" started-at="2022-04-11T09:05:49Z" finished-at="2022-04-11T09:06:33Z">
    <groups>
    </groups>
    <test name="Default test" duration-ms="43957" started-at="2022-04-11T09:05:49Z" finished-at="2022-04-11T09:06:33Z">
      <class name="locators.ForOpenCart">
        <test-method status="PASS" signature="IdDemo()[pri:0, instance:locators.ForOpenCart@3930015a]" name="IdDemo" duration-ms="43931" started-at="2022-04-11T14:35:49Z" finished-at="2022-04-11T14:36:33Z">
          <reporter-output>
          </reporter-output>
        </test-method> <!-- IdDemo -->
      </class> <!-- locators.ForOpenCart -->
    </test> <!-- Default test -->
  </suite> <!-- Default suite -->
</testng-results>
